0 info it worked if it ends with ok
1 verbose cli [ '/Users/wanaa__be/.nvm/versions/node/v7.0.0/bin/node',
1 verbose cli   '/Users/wanaa__be/.nvm/versions/node/v7.0.0/bin/npm',
1 verbose cli   'run',
1 verbose cli   'build' ]
2 info using npm@3.10.9
3 info using node@v7.0.0
4 verbose run-script [ 'prebuild', 'build', 'postbuild' ]
5 info lifecycle donta-gitbook@1.0.0~prebuild: donta-gitbook@1.0.0
6 silly lifecycle donta-gitbook@1.0.0~prebuild: no script for prebuild, continuing
7 info lifecycle donta-gitbook@1.0.0~build: donta-gitbook@1.0.0
8 verbose lifecycle donta-gitbook@1.0.0~build: unsafe-perm in lifecycle true
9 verbose lifecycle donta-gitbook@1.0.0~build: PATH: /Users/wanaa__be/.nvm/versions/node/v7.0.0/lib/node_modules/npm/bin/node-gyp-bin:/Users/wanaa__be/git/donta/node_modules/.bin:/Users/wanaa__be/.nvm/versions/node/v7.0.0/bin:/Library/Frameworks/Python.framework/Versions/3.5/bin:/Users/wanaa__be/apache-maven-3.3.3/bin:/usr/local/bin:/usr/bin:/bin:/usr/sbin:/sbin:/usr/local/share/dotnet:/Users/wanaa__be/gradle-2.8//bin:/usr/local/sbin
10 verbose lifecycle donta-gitbook@1.0.0~build: CWD: /Users/wanaa__be/git/donta
11 silly lifecycle donta-gitbook@1.0.0~build: Args: [ '-c', 'gitbook build' ]
12 silly lifecycle donta-gitbook@1.0.0~build: Returned: code: 1  signal: null
13 info lifecycle donta-gitbook@1.0.0~build: Failed to exec build script
14 verbose stack Error: donta-gitbook@1.0.0 build: `gitbook build`
14 verbose stack Exit status 1
14 verbose stack     at EventEmitter.<anonymous> (/Users/wanaa__be/.nvm/versions/node/v7.0.0/lib/node_modules/npm/lib/utils/lifecycle.js:255:16)
14 verbose stack     at emitTwo (events.js:106:13)
14 verbose stack     at EventEmitter.emit (events.js:191:7)
14 verbose stack     at ChildProcess.<anonymous> (/Users/wanaa__be/.nvm/versions/node/v7.0.0/lib/node_modules/npm/lib/utils/spawn.js:40:14)
14 verbose stack     at emitTwo (events.js:106:13)
14 verbose stack     at ChildProcess.emit (events.js:191:7)
14 verbose stack     at maybeClose (internal/child_process.js:877:16)
14 verbose stack     at Process.ChildProcess._handle.onexit (internal/child_process.js:226:5)
15 verbose pkgid donta-gitbook@1.0.0
16 verbose cwd /Users/wanaa__be/git/donta
17 error Darwin 16.1.0
18 error argv "/Users/wanaa__be/.nvm/versions/node/v7.0.0/bin/node" "/Users/wanaa__be/.nvm/versions/node/v7.0.0/bin/npm" "run" "build"
19 error node v7.0.0
20 error npm  v3.10.9
21 error code ELIFECYCLE
22 error donta-gitbook@1.0.0 build: `gitbook build`
22 error Exit status 1
23 error Failed at the donta-gitbook@1.0.0 build script 'gitbook build'.
23 error Make sure you have the latest version of node.js and npm installed.
23 error If you do, this is most likely a problem with the donta-gitbook package,
23 error not with npm itself.
23 error Tell the author that this fails on your system:
23 error     gitbook build
23 error You can get information on how to open an issue for this project with:
23 error     npm bugs donta-gitbook
23 error Or if that isn't available, you can get their info via:
23 error     npm owner ls donta-gitbook
23 error There is likely additional logging output above.
24 verbose exit [ 1, true ]
